2019-04-22 16:12:40,508 - [logs/developer_adoption.log:16]=> logs/developer_adoption.log
2019-04-22 16:13:18,340 - [logs/developer_adoption.log:202]=> START DATE IS TODAY.!NO DATA DATA
2019-04-22 16:13:20,318 - [logs/developer_adoption.log:208]=> self.variable:0     1
1     1
2     1
3     1
4     1
5     1
6     1
7     1
8     1
9     1
10    1
11    1
12    1
13    1
14    1
15    1
16    1
17    1
18    1
19    1
20    1
21    1
22    1
23    1
24    1
25    1
26    1
27    1
28    1
29    1
Name: aion_fork, dtype: int64
2019-04-22 16:13:20,320 - [logs/developer_adoption.log:217]=> period:week
2019-04-22 16:13:30,253 - [logs/developer_adoption.log:223]=> line 150 df_period columns:Index(['aion_fork', 'timestamp', 'day'], dtype='object')
2019-04-22 16:13:35,577 - [logs/developer_adoption.log:234]=> line 155 cols to plot:['0 week(s) prev(current)', '1 week(s) prev', '2 week(s) prev']
2019-04-22 16:13:36,211 - [logs/developer_adoption.log:217]=> period:month
2019-04-22 16:13:45,225 - [logs/developer_adoption.log:223]=> line 150 df_period columns:Index(['aion_fork', 'timestamp', 'day'], dtype='object')
2019-04-22 16:13:50,577 - [logs/developer_adoption.log:234]=> line 155 cols to plot:['0 month(s) prev(current)', '1 month(s) prev', '2 month(s) prev']
2019-04-22 16:13:50,767 - [logs/developer_adoption.log:261]=> START DATE IS TODAY.!NO DATA DATA
2019-04-22 16:13:52,986 - [logs/developer_adoption.log:266]=> self.variable:0     1
1     1
2     1
3     1
4     1
5     1
6     1
7     1
8     1
9     1
10    1
11    1
12    1
13    1
14    1
15    1
16    1
17    1
18    1
19    1
20    1
21    1
22    1
23    1
24    1
25    1
26    1
27    1
28    1
29    1
Name: aion_fork, dtype: int64
2019-04-22 16:14:37,757 - [logs/developer_adoption.log:277]=> line 150 df_period columns:Index(['aion_fork', 'timestamp', 'day'], dtype='object')
2019-04-22 16:15:00,480 - [logs/developer_adoption.log:288]=> line 155 cols to plot:['0 quarter(s) prev(current)', '1 quarter(s) prev', '2 quarter(s) prev']
