2019-01-31 16:53:58,451 - [logs/network_activity_predictive.log:17]=> logs/network_activity_predictive.log
2019-01-31 16:54:32,358 - [logs/network_activity_predictive.log:149]=> diff col added : from_addr_new_diff
2019-01-31 16:54:32,359 - [logs/network_activity_predictive.log:149]=> diff col added : from_addr_churned_diff
2019-01-31 16:54:32,361 - [logs/network_activity_predictive.log:149]=> diff col added : from_addr_retained_diff
2019-01-31 16:54:32,362 - [logs/network_activity_predictive.log:149]=> diff col added : to_addr_new_diff
2019-01-31 16:54:32,364 - [logs/network_activity_predictive.log:149]=> diff col added : to_addr_churned_diff
2019-01-31 16:54:32,365 - [logs/network_activity_predictive.log:149]=> diff col added : to_addr_retained_diff
2019-01-31 16:54:33,134 - [logs/network_activity_predictive.log:169]=> RF working on from_addr_retained_diff
2019-01-31 16:54:33,896 - [logs/network_activity_predictive.log:174]=> feature matrix:['block_size', 'block_time', 'difficulty', 'nrg_limit', 'approx_nrg_reward', 'num_transactions', 'block_nrg_consumed', 'nrg_price', 'approx_value', 'transaction_nrg_consumed']
2019-01-31 16:54:34,020 - [logs/network_activity_predictive.log:169]=> RF working on to_addr_retained_diff
2019-01-31 16:54:34,949 - [logs/network_activity_predictive.log:174]=> feature matrix:['block_size', 'block_time', 'difficulty', 'nrg_limit', 'approx_nrg_reward', 'num_transactions', 'block_nrg_consumed', 'nrg_price', 'approx_value', 'transaction_nrg_consumed']
2019-01-31 16:54:35,159 - [logs/network_activity_predictive.log:169]=> RF working on from_addr_churned_diff
2019-01-31 16:54:36,232 - [logs/network_activity_predictive.log:174]=> feature matrix:['block_size', 'block_time', 'difficulty', 'nrg_limit', 'approx_nrg_reward', 'num_transactions', 'block_nrg_consumed', 'nrg_price', 'approx_value', 'transaction_nrg_consumed']
2019-01-31 16:54:36,467 - [logs/network_activity_predictive.log:169]=> RF working on to_addr_churned_diff
2019-01-31 16:54:37,602 - [logs/network_activity_predictive.log:174]=> feature matrix:['block_size', 'block_time', 'difficulty', 'nrg_limit', 'approx_nrg_reward', 'num_transactions', 'block_nrg_consumed', 'nrg_price', 'approx_value', 'transaction_nrg_consumed']
2019-01-31 16:54:37,744 - [logs/network_activity_predictive.log:194]=>    Mean (abs) error                 variable
0          0.124523  from_addr_retained_diff
2019-01-31 16:54:37,830 - [logs/network_activity_predictive.log:264]=> 15.64975845410628
2019-01-31 16:54:38,046 - [logs/network_activity_predictive.log:283]=> MAKE PREDICTIONS COMPLETED FOR :from_addr_retained_diff
2019-01-31 16:54:38,054 - [logs/network_activity_predictive.log:283]=> MAKE PREDICTIONS COMPLETED FOR :to_addr_retained_diff
2019-01-31 16:54:38,062 - [logs/network_activity_predictive.log:283]=> MAKE PREDICTIONS COMPLETED FOR :from_addr_churned_diff
2019-01-31 16:54:38,071 - [logs/network_activity_predictive.log:283]=> MAKE PREDICTIONS COMPLETED FOR :to_addr_churned_diff
2019-01-31 16:54:38,086 - [logs/network_activity_predictive.log:329]=> make feature importances for :from_addr_retained_diff
2019-01-31 16:54:38,095 - [logs/network_activity_predictive.log:329]=> make feature importances for :to_addr_retained_diff
2019-01-31 16:54:38,104 - [logs/network_activity_predictive.log:329]=> make feature importances for :from_addr_churned_diff
2019-01-31 16:54:38,113 - [logs/network_activity_predictive.log:329]=> make feature importances for :to_addr_churned_diff
2019-01-31 16:54:38,122 - [logs/network_activity_predictive.log:354]=> MAKE FEATURE IMPORTANCES FINISHED
