<<<<<<< HEAD
2019-01-23 00:10:28,136 - [logs/network_predictive.log:17]=> logs/network_predictive.log
2019-01-23 00:12:43,605 - [logs/network_predictive.log:100]=> diff col added : tier1_new_diff
2019-01-23 00:12:43,607 - [logs/network_predictive.log:100]=> diff col added : tier1_churned_diff
2019-01-23 00:12:43,609 - [logs/network_predictive.log:100]=> diff col added : tier1_retained_diff
2019-01-23 00:12:43,612 - [logs/network_predictive.log:100]=> diff col added : tier2_new_diff
2019-01-23 00:12:43,614 - [logs/network_predictive.log:100]=> diff col added : tier2_churned_diff
2019-01-23 00:12:43,615 - [logs/network_predictive.log:100]=> diff col added : tier2_retained_diff
2019-01-23 00:12:44,379 - [logs/network_predictive.log:120]=> RF working on tier1_retained_diff
2019-01-23 00:12:44,395 - [logs/network_predictive.log:125]=> feature matrix:['block_size', 'block_time', 'difficulty', 'nrg_limit', 'approx_nrg_reward', 'num_transactions', 'block_nrg_consumed', 'nrg_price', 'approx_value', 'transaction_nrg_consumed']
2019-01-23 00:12:44,536 - [logs/network_predictive.log:120]=> RF working on tier2_retained_diff
2019-01-23 00:12:44,550 - [logs/network_predictive.log:125]=> feature matrix:['block_size', 'block_time', 'difficulty', 'nrg_limit', 'approx_nrg_reward', 'num_transactions', 'block_nrg_consumed', 'nrg_price', 'approx_value', 'transaction_nrg_consumed']
2019-01-23 00:12:44,686 - [logs/network_predictive.log:120]=> RF working on tier1_churned_diff
2019-01-23 00:12:44,703 - [logs/network_predictive.log:125]=> feature matrix:['block_size', 'block_time', 'difficulty', 'nrg_limit', 'approx_nrg_reward', 'num_transactions', 'block_nrg_consumed', 'nrg_price', 'approx_value', 'transaction_nrg_consumed']
2019-01-23 00:12:44,839 - [logs/network_predictive.log:120]=> RF working on tier2_churned_diff
2019-01-23 00:12:44,853 - [logs/network_predictive.log:125]=> feature matrix:['block_size', 'block_time', 'difficulty', 'nrg_limit', 'approx_nrg_reward', 'num_transactions', 'block_nrg_consumed', 'nrg_price', 'approx_value', 'transaction_nrg_consumed']
2019-01-23 00:12:44,952 - [logs/network_predictive.log:145]=>    Mean (abs) error             variable
0          0.082688  tier1_retained_diff
2019-01-23 00:12:45,540 - [logs/network_predictive.log:208]=> 15.0073256685135
2019-01-23 00:12:45,817 - [logs/network_predictive.log:227]=> MAKE PREDICTIONS COMPLETED FOR :tier1_retained_diff
2019-01-23 00:12:45,836 - [logs/network_predictive.log:227]=> MAKE PREDICTIONS COMPLETED FOR :tier2_retained_diff
2019-01-23 00:12:45,855 - [logs/network_predictive.log:227]=> MAKE PREDICTIONS COMPLETED FOR :tier1_churned_diff
2019-01-23 00:12:45,871 - [logs/network_predictive.log:227]=> MAKE PREDICTIONS COMPLETED FOR :tier2_churned_diff
2019-01-23 00:12:45,899 - [logs/network_predictive.log:281]=> make feature importances for :tier1_retained_diff
2019-01-23 00:12:45,919 - [logs/network_predictive.log:290]=> not_sorted:[('block_size', 0.0809), ('block_time', 0.0325), ('difficulty', 0.2836), ('nrg_limit', 0.0603), ('approx_nrg_reward', 0.0424), ('num_transactions', 0.136), ('block_nrg_consumed', 0.2014), ('nrg_price', 0.0849), ('approx_value', 0.0782)]
2019-01-23 00:12:45,920 - [logs/network_predictive.log:291]=> sorted:[('block_time', 0.0325), ('approx_nrg_reward', 0.0424), ('nrg_limit', 0.0603), ('approx_value', 0.0782), ('block_size', 0.0809), ('nrg_price', 0.0849), ('num_transactions', 0.136), ('block_nrg_consumed', 0.2014), ('difficulty', 0.2836)]
2019-01-23 00:12:45,920 - [logs/network_predictive.log:293]=> importances :[0.08086257334252643, 0.032462043537233025, 0.2835746922507524, 0.06025073658932706, 0.04241342858306651, 0.13597588977227137, 0.20135795286284627, 0.08487526821472313, 0.07822741484725385]
2019-01-23 00:12:45,921 - [logs/network_predictive.log:281]=> make feature importances for :tier2_retained_diff
2019-01-23 00:12:45,940 - [logs/network_predictive.log:290]=> not_sorted:[('block_size', 0.0712), ('block_time', 0.0177), ('difficulty', 0.2667), ('nrg_limit', 0.0618), ('approx_nrg_reward', 0.0523), ('num_transactions', 0.0713), ('block_nrg_consumed', 0.1415), ('nrg_price', 0.1453), ('approx_value', 0.1721)]
2019-01-23 00:12:45,940 - [logs/network_predictive.log:291]=> sorted:[('block_time', 0.0177), ('approx_nrg_reward', 0.0523), ('nrg_limit', 0.0618), ('block_size', 0.0712), ('num_transactions', 0.0713), ('block_nrg_consumed', 0.1415), ('nrg_price', 0.1453), ('approx_value', 0.1721), ('difficulty', 0.2667)]
2019-01-23 00:12:45,941 - [logs/network_predictive.log:293]=> importances :[0.07119975407603663, 0.01771620525682577, 0.26673037039504627, 0.06184515198621372, 0.052255432973456174, 0.07133984657695065, 0.14150642412371586, 0.1453272243482141, 0.17207959026354075]
2019-01-23 00:12:45,942 - [logs/network_predictive.log:281]=> make feature importances for :tier1_churned_diff
2019-01-23 00:12:45,961 - [logs/network_predictive.log:290]=> not_sorted:[('block_size', 0.0308), ('block_time', 0.0015), ('difficulty', 0.079), ('nrg_limit', 0.0852), ('approx_nrg_reward', 0.0032), ('num_transactions', 0.0652), ('block_nrg_consumed', 0.2416), ('nrg_price', 0.1932), ('approx_value', 0.3004)]
2019-01-23 00:12:45,961 - [logs/network_predictive.log:291]=> sorted:[('block_time', 0.0015), ('approx_nrg_reward', 0.0032), ('block_size', 0.0308), ('num_transactions', 0.0652), ('difficulty', 0.079), ('nrg_limit', 0.0852), ('nrg_price', 0.1932), ('block_nrg_consumed', 0.2416), ('approx_value', 0.3004)]
2019-01-23 00:12:45,962 - [logs/network_predictive.log:293]=> importances :[0.030761284061011637, 0.0014529790439302714, 0.07897988296685295, 0.08523831824708424, 0.003181496869581918, 0.06522379974949927, 0.24156733764075042, 0.1931793740320592, 0.3004155273892301]
2019-01-23 00:12:45,962 - [logs/network_predictive.log:281]=> make feature importances for :tier2_churned_diff
2019-01-23 00:12:45,975 - [logs/network_predictive.log:290]=> not_sorted:[('block_size', 0.1341), ('block_time', 0.0107), ('difficulty', 0.1517), ('nrg_limit', 0.1974), ('approx_nrg_reward', 0.0163), ('num_transactions', 0.1386), ('block_nrg_consumed', 0.1579), ('nrg_price', 0.1273), ('approx_value', 0.066)]
2019-01-23 00:12:45,975 - [logs/network_predictive.log:291]=> sorted:[('block_time', 0.0107), ('approx_nrg_reward', 0.0163), ('approx_value', 0.066), ('nrg_price', 0.1273), ('block_size', 0.1341), ('num_transactions', 0.1386), ('difficulty', 0.1517), ('block_nrg_consumed', 0.1579), ('nrg_limit', 0.1974)]
2019-01-23 00:12:45,976 - [logs/network_predictive.log:293]=> importances :[0.13410489146315066, 0.010683423653510334, 0.15174086207687926, 0.19742681195859155, 0.01626551800274707, 0.13862517446907127, 0.1578705749351144, 0.12727510933008396, 0.06600763411085155]
2019-01-23 00:12:45,977 - [logs/network_predictive.log:308]=> MAKE FEATURE IMPORTANCES FINISHED
=======
2019-01-22 23:28:45,810 - [logs/network_predictive.log:17]=> logs/network_predictive.log
>>>>>>> 33a833d6950c4a454d08eb9945159ff9da9f68a7
